03/28/18/18 12:07:29.780|WARN ||||org.apache.hadoop.util.NativeCodeLoader.<clinit>(NativeCodeLoader.java:62)|Unable to load native-hadoop library for your platform... using builtin-java classes where applicable
03/28/18/18 12:10:30.825|WARN ||||org.apache.hadoop.util.NativeCodeLoader.<clinit>(NativeCodeLoader.java:62)|Unable to load native-hadoop library for your platform... using builtin-java classes where applicable
03/28/18/18 12:13:48.746|WARN ||||org.apache.hadoop.util.NativeCodeLoader.<clinit>(NativeCodeLoader.java:62)|Unable to load native-hadoop library for your platform... using builtin-java classes where applicable
03/28/18/18 12:13:49.847|WARN ||||org.spark_project.jetty.util.component.AbstractLifeCycle.setFailed(AbstractLifeCycle.java:212)|FAILED ServerConnector@650f578d{HTTP/1.1}{0.0.0.0:4040}: java.net.BindException: Address already in use
java.net.BindException: Address already in use
	at sun.nio.ch.Net.bind0(Native Method)
	at sun.nio.ch.Net.bind(Net.java:433)
	at sun.nio.ch.Net.bind(Net.java:425)
	at sun.nio.ch.ServerSocketChannelImpl.bind(ServerSocketChannelImpl.java:223)
	at sun.nio.ch.ServerSocketAdaptor.bind(ServerSocketAdaptor.java:74)
	at org.spark_project.jetty.server.ServerConnector.open(ServerConnector.java:321)
	at org.spark_project.jetty.server.AbstractNetworkConnector.doStart(AbstractNetworkConnector.java:80)
	at org.spark_project.jetty.server.ServerConnector.doStart(ServerConnector.java:236)
	at org.spark_project.jetty.util.component.AbstractLifeCycle.start(AbstractLifeCycle.java:68)
	at org.spark_project.jetty.server.Server.doStart(Server.java:366)
	at org.spark_project.jetty.util.component.AbstractLifeCycle.start(AbstractLifeCycle.java:68)
	at org.apache.spark.ui.JettyUtils$.org$apache$spark$ui$JettyUtils$$connect$1(JettyUtils.scala:306)
	at org.apache.spark.ui.JettyUtils$$anonfun$5.apply(JettyUtils.scala:316)
	at org.apache.spark.ui.JettyUtils$$anonfun$5.apply(JettyUtils.scala:316)
	at org.apache.spark.util.Utils$$anonfun$startServiceOnPort$1.apply$mcVI$sp(Utils.scala:2171)
	at scala.collection.immutable.Range.foreach$mVc$sp(Range.scala:160)
	at org.apache.spark.util.Utils$.startServiceOnPort(Utils.scala:2162)
	at org.apache.spark.ui.JettyUtils$.startJettyServer(JettyUtils.scala:316)
	at org.apache.spark.ui.WebUI.bind(WebUI.scala:139)
	at org.apache.spark.SparkContext$$anonfun$10.apply(SparkContext.scala:448)
	at org.apache.spark.SparkContext$$anonfun$10.apply(SparkContext.scala:448)
	at scala.Option.foreach(Option.scala:257)
	at org.apache.spark.SparkContext.<init>(SparkContext.scala:448)
	at org.apache.spark.api.java.JavaSparkContext.<init>(JavaSparkContext.scala:58)
	at sun.reflect.NativeConstructorAccessorImpl.newInstance0(Native Method)
	at sun.reflect.NativeConstructorAccessorImpl.newInstance(NativeConstructorAccessorImpl.java:62)
	at sun.reflect.DelegatingConstructorAccessorImpl.newInstance(DelegatingConstructorAccessorImpl.java:45)
	at java.lang.reflect.Constructor.newInstance(Constructor.java:423)
	at py4j.reflection.MethodInvoker.invoke(MethodInvoker.java:240)
	at py4j.reflection.ReflectionEngine.invoke(ReflectionEngine.java:357)
	at py4j.Gateway.invoke(Gateway.java:236)
	at py4j.commands.ConstructorCommand.invokeConstructor(ConstructorCommand.java:80)
	at py4j.commands.ConstructorCommand.execute(ConstructorCommand.java:69)
	at py4j.GatewayConnection.run(GatewayConnection.java:214)
	at java.lang.Thread.run(Thread.java:748)
03/28/18/18 12:13:49.853|WARN ||||org.spark_project.jetty.util.component.AbstractLifeCycle.setFailed(AbstractLifeCycle.java:212)|FAILED org.spark_project.jetty.server.Server@26986b4d: java.net.BindException: Address already in use
java.net.BindException: Address already in use
	at sun.nio.ch.Net.bind0(Native Method)
	at sun.nio.ch.Net.bind(Net.java:433)
	at sun.nio.ch.Net.bind(Net.java:425)
	at sun.nio.ch.ServerSocketChannelImpl.bind(ServerSocketChannelImpl.java:223)
	at sun.nio.ch.ServerSocketAdaptor.bind(ServerSocketAdaptor.java:74)
	at org.spark_project.jetty.server.ServerConnector.open(ServerConnector.java:321)
	at org.spark_project.jetty.server.AbstractNetworkConnector.doStart(AbstractNetworkConnector.java:80)
	at org.spark_project.jetty.server.ServerConnector.doStart(ServerConnector.java:236)
	at org.spark_project.jetty.util.component.AbstractLifeCycle.start(AbstractLifeCycle.java:68)
	at org.spark_project.jetty.server.Server.doStart(Server.java:366)
	at org.spark_project.jetty.util.component.AbstractLifeCycle.start(AbstractLifeCycle.java:68)
	at org.apache.spark.ui.JettyUtils$.org$apache$spark$ui$JettyUtils$$connect$1(JettyUtils.scala:306)
	at org.apache.spark.ui.JettyUtils$$anonfun$5.apply(JettyUtils.scala:316)
	at org.apache.spark.ui.JettyUtils$$anonfun$5.apply(JettyUtils.scala:316)
	at org.apache.spark.util.Utils$$anonfun$startServiceOnPort$1.apply$mcVI$sp(Utils.scala:2171)
	at scala.collection.immutable.Range.foreach$mVc$sp(Range.scala:160)
	at org.apache.spark.util.Utils$.startServiceOnPort(Utils.scala:2162)
	at org.apache.spark.ui.JettyUtils$.startJettyServer(JettyUtils.scala:316)
	at org.apache.spark.ui.WebUI.bind(WebUI.scala:139)
	at org.apache.spark.SparkContext$$anonfun$10.apply(SparkContext.scala:448)
	at org.apache.spark.SparkContext$$anonfun$10.apply(SparkContext.scala:448)
	at scala.Option.foreach(Option.scala:257)
	at org.apache.spark.SparkContext.<init>(SparkContext.scala:448)
	at org.apache.spark.api.java.JavaSparkContext.<init>(JavaSparkContext.scala:58)
	at sun.reflect.NativeConstructorAccessorImpl.newInstance0(Native Method)
	at sun.reflect.NativeConstructorAccessorImpl.newInstance(NativeConstructorAccessorImpl.java:62)
	at sun.reflect.DelegatingConstructorAccessorImpl.newInstance(DelegatingConstructorAccessorImpl.java:45)
	at java.lang.reflect.Constructor.newInstance(Constructor.java:423)
	at py4j.reflection.MethodInvoker.invoke(MethodInvoker.java:240)
	at py4j.reflection.ReflectionEngine.invoke(ReflectionEngine.java:357)
	at py4j.Gateway.invoke(Gateway.java:236)
	at py4j.commands.ConstructorCommand.invokeConstructor(ConstructorCommand.java:80)
	at py4j.commands.ConstructorCommand.execute(ConstructorCommand.java:69)
	at py4j.GatewayConnection.run(GatewayConnection.java:214)
	at java.lang.Thread.run(Thread.java:748)
03/28/18/18 12:13:49.865|WARN ||||org.apache.spark.internal.Logging$class.logWarning(Logging.scala:66)|Service 'SparkUI' could not bind on port 4040. Attempting port 4041.
